0 info it worked if it ends with ok
1 verbose cli [ 'C:\\Program Files\\nodejs\\node.exe',
1 verbose cli   'C:\\Users\\kiran\\AppData\\Roaming\\npm\\node_modules\\npm\\bin\\npm-cli.js',
1 verbose cli   'install',
1 verbose cli   '-g',
1 verbose cli   'n' ]
2 info using npm@3.10.6
3 info using node@v4.4.7
4 silly loadCurrentTree Starting
5 silly install loadCurrentTree
6 silly install readGlobalPackageData
7 silly fetchPackageMetaData n
8 silly fetchNamedPackageData n
9 silly mapToRegistry name n
10 silly mapToRegistry using default registry
11 silly mapToRegistry registry https://registry.npmjs.org/
12 silly mapToRegistry data Result {
12 silly mapToRegistry   raw: 'n',
12 silly mapToRegistry   scope: null,
12 silly mapToRegistry   escapedName: 'n',
12 silly mapToRegistry   name: 'n',
12 silly mapToRegistry   rawSpec: '',
12 silly mapToRegistry   spec: 'latest',
12 silly mapToRegistry   type: 'tag' }
13 silly mapToRegistry uri https://registry.npmjs.org/n
14 verbose request uri https://registry.npmjs.org/n
15 verbose request no auth needed
16 info attempt registry request try #1 at 11:38:05 PM
17 verbose request id 391f36beae01b9d0
18 http request GET https://registry.npmjs.org/n
19 http 200 https://registry.npmjs.org/n
20 verbose headers { server: 'nginx/1.10.1',
20 verbose headers   'content-type': 'application/json',
20 verbose headers   'last-modified': 'Mon, 27 Mar 2017 08:48:45 GMT',
20 verbose headers   etag: 'W/"58d8d1ed-10896"',
20 verbose headers   'content-encoding': 'gzip',
20 verbose headers   'cache-control': 'max-age=300',
20 verbose headers   'content-length': '11229',
20 verbose headers   'accept-ranges': 'bytes',
20 verbose headers   date: 'Thu, 30 Mar 2017 18:08:14 GMT',
20 verbose headers   via: '1.1 varnish',
20 verbose headers   age: '131',
20 verbose headers   connection: 'keep-alive',
20 verbose headers   'x-served-by': 'cache-ams4140-AMS',
20 verbose headers   'x-cache': 'HIT',
20 verbose headers   'x-cache-hits': '1',
20 verbose headers   'x-timer': 'S1490897294.674174,VS0,VE0',
20 verbose headers   vary: 'Accept-Encoding' }
21 silly get cb [ 200,
21 silly get   { server: 'nginx/1.10.1',
21 silly get     'content-type': 'application/json',
21 silly get     'last-modified': 'Mon, 27 Mar 2017 08:48:45 GMT',
21 silly get     etag: 'W/"58d8d1ed-10896"',
21 silly get     'content-encoding': 'gzip',
21 silly get     'cache-control': 'max-age=300',
21 silly get     'content-length': '11229',
21 silly get     'accept-ranges': 'bytes',
21 silly get     date: 'Thu, 30 Mar 2017 18:08:14 GMT',
21 silly get     via: '1.1 varnish',
21 silly get     age: '131',
21 silly get     connection: 'keep-alive',
21 silly get     'x-served-by': 'cache-ams4140-AMS',
21 silly get     'x-cache': 'HIT',
21 silly get     'x-cache-hits': '1',
21 silly get     'x-timer': 'S1490897294.674174,VS0,VE0',
21 silly get     vary: 'Accept-Encoding' } ]
22 verbose get saving n to C:\Users\kiran\AppData\Roaming\npm-cache\registry.npmjs.org\n\.cache.json
23 verbose correctMkdir C:\Users\kiran\AppData\Roaming\npm-cache correctMkdir not in flight; initializing
24 silly install normalizeTree
25 silly loadCurrentTree Finishing
26 silly loadIdealTree Starting
27 silly install loadIdealTree
28 silly cloneCurrentTree Starting
29 silly install cloneCurrentTreeToIdealTree
30 silly cloneCurrentTree Finishing
31 silly loadShrinkwrap Starting
32 silly install loadShrinkwrap
33 silly loadShrinkwrap Finishing
34 silly loadAllDepsIntoIdealTree Starting
35 silly install loadAllDepsIntoIdealTree
36 silly rollbackFailedOptional Starting
37 silly rollbackFailedOptional Finishing
38 silly runTopLevelLifecycles Starting
39 silly runTopLevelLifecycles Finishing
40 silly install printInstalled
41 verbose stack Error: Unsupported platform for n@2.1.6: wanted {"name":"n","description":"Interactively Manage All Your Node Versions","version":"2.1.6","author":{"name":"TJ Holowaychuk","email":"tj@vision-media.ca"},"homepage":"https://github.com/tj/n","bugs":{"url":"https://github.com/tj/n/issues"},"contributors":[{"name":"Travis Webb","email":"me@traviswebb.com","url":"tjw.io"},{"name":"Nimit Kalra","email":"me@nimit.io","url":"http://nimit.io"},{"name":"Troy Connor","email":"troy0820@gmail.com","url":"https://github.com/troy0820"}],"keywords":["nvm","node","version","manager","switcher","node","binary","env"],"bin":{"n":"./bin/n"},"repository":{"type":"git","url":"git://github.com/tj/n.git"},"preferGlobal":true,"os":["!win32"],"engines":{"node":"*"},"license":"MIT","gitHead":"661e5ef77e090280c16030eaefe56cf5235f8ab6","_id":"n@2.1.6","scripts":{},"_shasum":"8095d825dde2f66bc8c7b72161394d518a5567c5","_from":"n","_npmVersion":"4.4.1","_nodeVersion":"7.7.3","_npmUser":{"name":"troy0820","email":"troy0820@gmail.com"},"dist":{"shasum":"8095d825dde2f66bc8c7b72161394d518a5567c5","tarball":"https://registry.npmjs.org/n/-/n-2.1.6.tgz"},"maintainers":[{"name":"bat","email":"ben@benatkin.com"},{"name":"qw3rtman","email":"nimit@nimitkalra.com"},{"name":"tedgaydos","email":"tedgaydos@gmail.com"},{"name":"tjholowaychuk","email":"tj@vision-media.ca"},{"name":"tjwebb","email":"me@traviswebb.com"},{"name":"troy0820","email":"troy.connor@yahoo.com"}],"_npmOperationalInternal":{"host":"packages-12-west.internal.npmjs.com","tmp":"tmp/n-2.1.6.tgz_1490490358107_0.7631236382294446"},"directories":{},"_resolved":"https://registry.npmjs.org/n/-/n-2.1.6.tgz","_requested":{"raw":"n","scope":null,"escapedName":"n","name":"n","rawSpec":"","spec":"latest","type":"tag"},"_spec":"n","_where":"F:\\Node Examples\\SHOPPING","_args":[[{"raw":"n","scope":null,"escapedName":"n","name":"n","rawSpec":"","spec":"latest","type":"tag"},"F:\\Node Examples\\SHOPPING"]],"readme":"ERROR: No README data found!"} (current: {"os":"win32","cpu":"x64"})
41 verbose stack     at checkPlatform (C:\Users\kiran\AppData\Roaming\npm\node_modules\npm\node_modules\npm-install-checks\index.js:45:14)
41 verbose stack     at thenWarnEngineIssues (C:\Users\kiran\AppData\Roaming\npm\node_modules\npm\lib\install\validate-args.js:41:5)
41 verbose stack     at C:\Users\kiran\AppData\Roaming\npm\node_modules\npm\node_modules\iferr\index.js:13:50
41 verbose stack     at checkEngine (C:\Users\kiran\AppData\Roaming\npm\node_modules\npm\node_modules\npm-install-checks\index.js:24:10)
41 verbose stack     at module.exports.isInstallable (C:\Users\kiran\AppData\Roaming\npm\node_modules\npm\lib\install\validate-args.js:38:3)
41 verbose stack     at Array.<anonymous> (C:\Users\kiran\AppData\Roaming\npm\node_modules\npm\node_modules\slide\lib\bind-actor.js:15:8)
41 verbose stack     at LOOP (C:\Users\kiran\AppData\Roaming\npm\node_modules\npm\node_modules\slide\lib\chain.js:15:14)
41 verbose stack     at C:\Users\kiran\AppData\Roaming\npm\node_modules\npm\node_modules\slide\lib\chain.js:18:7
41 verbose stack     at checkSelf (C:\Users\kiran\AppData\Roaming\npm\node_modules\npm\lib\install\validate-args.js:46:72)
41 verbose stack     at Array.<anonymous> (C:\Users\kiran\AppData\Roaming\npm\node_modules\npm\node_modules\slide\lib\bind-actor.js:15:8)
42 verbose pkgid n@2.1.6
43 verbose cwd F:\Node Examples\SHOPPING
44 error Windows_NT 10.0.14393
45 error argv "C:\\Program Files\\nodejs\\node.exe" "C:\\Users\\kiran\\AppData\\Roaming\\npm\\node_modules\\npm\\bin\\npm-cli.js" "install" "-g" "n"
46 error node v4.4.7
47 error npm  v3.10.6
48 error code EBADPLATFORM
49 error notsup Not compatible with your operating system or architecture: n@2.1.6
50 error notsup Valid OS:    !win32
50 error notsup Valid Arch:  any
50 error notsup Actual OS:   win32
50 error notsup Actual Arch: x64
51 verbose exit [ 1, true ]
